
/home/runner/work/exp-substances-with-chiral-chromophores-iiith/exp-substances-with-chiral-chromophores-iiith/experiment/simulation/codes/js/ans.js
   1:10  warning  'correct' is defined but never used       no-unused-vars
   2:2   warning  'swal' is not defined                     no-undef
  11:10  warning  'correctans' is defined but never used    no-unused-vars
  12:2   warning  'swal' is not defined                     no-undef
  21:10  warning  'incorrectc' is defined but never used    no-unused-vars
  22:2   warning  'swal' is not defined                     no-undef
  31:10  warning  'incorrectans' is defined but never used  no-unused-vars
  32:2   warning  'swal' is not defined                     no-undef
  40:10  warning  'incorrecto' is defined but never used    no-unused-vars
  41:2   warning  'swal' is not defined                     no-undef
  50:10  warning  'corr' is defined but never used          no-unused-vars
  51:2   warning  'swal' is not defined                     no-undef
  59:10  warning  'incorr' is defined but never used        no-unused-vars
  60:3   warning  'swal' is not defined                     no-undef

/home/runner/work/exp-substances-with-chiral-chromophores-iiith/exp-substances-with-chiral-chromophores-iiith/experiment/simulation/codes/js/mol1.js
    2:1   warning  '$' is not defined                       no-undef
    4:7   warning  'x1' is assigned a value but never used  no-unused-vars
    5:7   warning  'x2' is assigned a value but never used  no-unused-vars
   42:18  warning  '$' is not defined                       no-undef
   44:16  warning  '$3Dmol' is not defined                  no-undef
   48:1   warning  'incorrectc' is not defined              no-undef
   52:1   warning  'incorrectc' is not defined              no-undef
   56:1   warning  'incorrectc' is not defined              no-undef
   60:1   warning  'incorrectc' is not defined              no-undef
   66:7   warning  'correct' is not defined                 no-undef
   71:1   warning  'incorrectc' is not defined              no-undef
   77:7   warning  'correct' is not defined                 no-undef
   82:1   warning  'incorrectc' is not defined              no-undef
   86:1   warning  'incorrectc' is not defined              no-undef
   90:1   warning  'incorrectc' is not defined              no-undef
   94:1   warning  'incorrectc' is not defined              no-undef
   99:1   warning  'incorrecto' is not defined              no-undef
  103:1   warning  'incorrecto' is not defined              no-undef
  107:1   warning  'incorrecto' is not defined              no-undef
  110:1   warning  'incorrecto' is not defined              no-undef

/home/runner/work/exp-substances-with-chiral-chromophores-iiith/exp-substances-with-chiral-chromophores-iiith/experiment/simulation/codes/js/mol2.js
    2:1   warning  '$' is not defined                       no-undef
    4:7   warning  'x1' is assigned a value but never used  no-unused-vars
    5:7   warning  'x2' is assigned a value but never used  no-unused-vars
   42:18  warning  '$' is not defined                       no-undef
   44:16  warning  '$3Dmol' is not defined                  no-undef
   48:1   warning  'incorrectc' is not defined              no-undef
   52:1   warning  'incorrectc' is not defined              no-undef
   56:1   warning  'incorrectc' is not defined              no-undef
   60:1   warning  'incorrectc' is not defined              no-undef
   66:7   warning  'correct' is not defined                 no-undef
   71:1   warning  'incorrectc' is not defined              no-undef
   77:7   warning  'correct' is not defined                 no-undef
   82:1   warning  'incorrectc' is not defined              no-undef
   86:1   warning  'incorrectc' is not defined              no-undef
   90:1   warning  'incorrectc' is not defined              no-undef
   94:1   warning  'incorrectc' is not defined              no-undef
   99:1   warning  'incorrecto' is not defined              no-undef
  103:1   warning  'incorrecto' is not defined              no-undef
  107:1   warning  'incorrecto' is not defined              no-undef
  110:1   warning  'incorrecto' is not defined              no-undef

/home/runner/work/exp-substances-with-chiral-chromophores-iiith/exp-substances-with-chiral-chromophores-iiith/experiment/simulation/codes/js/mol21.js
   2:1   warning  '$' is not defined                       no-undef
   4:7   warning  'x1' is assigned a value but never used  no-unused-vars
   5:7   warning  'x2' is assigned a value but never used  no-unused-vars
  42:18  warning  '$' is not defined                       no-undef
  44:16  warning  '$3Dmol' is not defined                  no-undef

/home/runner/work/exp-substances-with-chiral-chromophores-iiith/exp-substances-with-chiral-chromophores-iiith/experiment/simulation/codes/js/mol22.js
   2:1   warning  '$' is not defined                       no-undef
   4:7   warning  'x1' is assigned a value but never used  no-unused-vars
   5:7   warning  'x2' is assigned a value but never used  no-unused-vars
  42:18  warning  '$' is not defined                       no-undef
  44:16  warning  '$3Dmol' is not defined                  no-undef

/home/runner/work/exp-substances-with-chiral-chromophores-iiith/exp-substances-with-chiral-chromophores-iiith/experiment/simulation/codes/js/overlay.js
   1:10  warning  'on' is defined but never used   no-unused-vars
   2:2   warning  's' is not defined               no-undef
   3:14  warning  's' is not defined               no-undef
   4:29  warning  's' is not defined               no-undef
   7:10  warning  'off' is defined but never used  no-unused-vars
   8:2   warning  's' is not defined               no-undef
   9:14  warning  's' is not defined               no-undef
  10:29  warning  's' is not defined               no-undef

/home/runner/work/exp-substances-with-chiral-chromophores-iiith/exp-substances-with-chiral-chromophores-iiith/experiment/simulation/codes/js/swf2js.js
    122:31   warning  Do not access Object.prototype method 'hasOwnProperty' from target object  no-prototype-builtins
    153:29   warning  Do not access Object.prototype method 'hasOwnProperty' from target object  no-prototype-builtins
    240:30   warning  Do not access Object.prototype method 'hasOwnProperty' from target object  no-prototype-builtins
    429:33   warning  Do not access Object.prototype method 'hasOwnProperty' from target object  no-prototype-builtins
    436:40   warning  Do not access Object.prototype method 'hasOwnProperty' from target object  no-prototype-builtins
    460:29   warning  Do not access Object.prototype method 'hasOwnProperty' from target object  no-prototype-builtins
    465:32   warning  Do not access Object.prototype method 'hasOwnProperty' from target object  no-prototype-builtins
    477:40   warning  Do not access Object.prototype method 'hasOwnProperty' from target object  no-prototype-builtins
    515:29   warning  Do not access Object.prototype method 'hasOwnProperty' from target object  no-prototype-builtins
    522:32   warning  Do not access Object.prototype method 'hasOwnProperty' from target object  no-prototype-builtins
    530:28   warning  Unexpected constant condition                                              no-constant-condition
    608:32   warning  Do not access Object.prototype method 'hasOwnProperty' from target object  no-prototype-builtins
    786:28   warning  Do not access Object.prototype method 'hasOwnProperty' from target object  no-prototype-builtins
    914:44   warning  'compressed' is defined but never used                                     no-unused-vars
   1146:20   warning  Unexpected constant condition                                              no-constant-condition
   1256:24   warning  Unexpected constant condition                                              no-constant-condition
   1954:31   warning  Do not access Object.prototype method 'hasOwnProperty' from target object  no-prototype-builtins
   1987:34   warning  Do not access Object.prototype method 'hasOwnProperty' from target object  no-prototype-builtins
   1998:33   warning  Do not access Object.prototype method 'hasOwnProperty' from target object  no-prototype-builtins
   2010:33   warning  Do not access Object.prototype method 'hasOwnProperty' from target object  no-prototype-builtins
   2020:32   warning  Do not access Object.prototype method 'hasOwnProperty' from target object  no-prototype-builtins
   2034:31   warning  Do not access Object.prototype method 'hasOwnProperty' from target object  no-prototype-builtins
   2056:43   warning  Do not access Object.prototype method 'hasOwnProperty' from target object  no-prototype-builtins
   2270:40   warning  Do not access Object.prototype method 'hasOwnProperty' from target object  no-prototype-builtins
   2394:26   warning  Do not access Object.prototype method 'hasOwnProperty' from target object  no-prototype-builtins
   2543:33   warning  Do not access Object.prototype method 'hasOwnProperty' from target object  no-prototype-builtins
   2549:31   warning  Do not access Object.prototype method 'hasOwnProperty' from target object  no-prototype-builtins
   3339:20   warning  Unexpected constant condition                                              no-constant-condition
   4793:20   warning  Unexpected constant condition                                              no-constant-condition
   6612:21   warning  'VideoData' is assigned a value but never used                             no-unused-vars
   7682:32   warning  Unexpected constant condition                                              no-constant-condition
   7697:24   warning  Unexpected constant condition                                              no-constant-condition
   7740:17   warning  'receiver' is assigned a value but never used                              no-unused-vars
   7756:17   warning  'porp' is assigned a value but never used                                  no-unused-vars
   7757:17   warning  'receiver' is assigned a value but never used                              no-unused-vars
   7772:17   warning  'porp' is assigned a value but never used                                  no-unused-vars
   7773:17   warning  'receiver' is assigned a value but never used                              no-unused-vars
   7791:17   warning  'value' is assigned a value but never used                                 no-unused-vars
   7983:57   warning  'stack' is defined but never used                                          no-unused-vars
   7983:64   warning  'type' is defined but never used                                           no-unused-vars
   7983:70   warning  'index' is defined but never used                                          no-unused-vars
   7983:77   warning  'reg' is defined but never used                                            no-unused-vars
   7983:82   warning  'extra' is defined but never used                                          no-unused-vars
   7993:61   warning  'stack' is defined but never used                                          no-unused-vars
   7993:68   warning  'index' is defined but never used                                          no-unused-vars
   8002:61   warning  'stack' is defined but never used                                          no-unused-vars
   8012:60   warning  'stack' is defined but never used                                          no-unused-vars
   8012:67   warning  'index' is defined but never used                                          no-unused-vars
   8021:61   warning  'stack' is defined but never used                                          no-unused-vars
   8021:68   warning  'index' is defined but never used                                          no-unused-vars
   8089:56   warning  'stack' is defined but never used                                          no-unused-vars
   8089:63   warning  'index' is defined but never used                                          no-unused-vars
   8099:17   warning  'value' is assigned a value but never used                                 no-unused-vars
   8136:17   warning  'prop' is assigned a value but never used                                  no-unused-vars
   8220:17   warning  'porp' is assigned a value but never used                                  no-unused-vars
   8239:72   warning  'index' is defined but never used                                          no-unused-vars
   8383:67   warning  'index' is defined but never used                                          no-unused-vars
   8385:17   warning  'prop' is assigned a value but never used                                  no-unused-vars
   8386:17   warning  'obj' is assigned a value but never used                                   no-unused-vars
   8424:30   warning  Do not access Object.prototype method 'hasOwnProperty' from target object  no-prototype-builtins
   8454:30   warning  Do not access Object.prototype method 'hasOwnProperty' from target object  no-prototype-builtins
   8741:57   warning  'stack' is defined but never used                                          no-unused-vars
   8772:71   warning  'offset' is defined but never used                                         no-unused-vars
   8772:79   warning  'count' is defined but never used                                          no-unused-vars
   8772:86   warning  'array' is defined but never used                                          no-unused-vars
   8774:17   warning  'index' is assigned a value but never used                                 no-unused-vars
   8875:67   warning  'index' is defined but never used                                          no-unused-vars
   8890:17   warning  'id' is assigned a value but never used                                    no-unused-vars
   8941:30   warning  Do not access Object.prototype method 'hasOwnProperty' from target object  no-prototype-builtins
   8960:17   warning  'index' is assigned a value but never used                                 no-unused-vars
   8961:17   warning  'obj' is assigned a value but never used                                   no-unused-vars
   8969:55   warning  'stack' is defined but never used                                          no-unused-vars
   9133:17   warning  'obj' is assigned a value but never used                                   no-unused-vars
   9192:72   warning  'index' is defined but never used                                          no-unused-vars
   9194:17   warning  'value' is assigned a value but never used                                 no-unused-vars
   9253:17   warning  'value' is assigned a value but never used                                 no-unused-vars
   9254:17   warning  'prop' is assigned a value but never used                                  no-unused-vars
   9255:17   warning  'obj' is assigned a value but never used                                   no-unused-vars
  10893:44   warning  Do not access Object.prototype method 'hasOwnProperty' from target object  no-prototype-builtins
  11605:44   warning  Do not access Object.prototype method 'hasOwnProperty' from target object  no-prototype-builtins
  11618:44   warning  Do not access Object.prototype method 'hasOwnProperty' from target object  no-prototype-builtins
  11626:41   warning  Do not access Object.prototype method 'hasOwnProperty' from target object  no-prototype-builtins
  11966:28   warning  Unexpected constant condition                                              no-constant-condition
  12402:28   warning  Do not access Object.prototype method 'hasOwnProperty' from target object  no-prototype-builtins
  13491:63   warning  'matrix' is defined but never used                                         no-unused-vars
  13491:71   warning  'colorTransform' is defined but never used                                 no-unused-vars
  13491:87   warning  'stage' is defined but never used                                          no-unused-vars
  13523:63   warning  'matrix' is defined but never used                                         no-unused-vars
  13523:71   warning  'colorTransform' is defined but never used                                 no-unused-vars
  13523:87   warning  'stage' is defined but never used                                          no-unused-vars
  13556:65   warning  'matrix' is defined but never used                                         no-unused-vars
  13556:73   warning  'colorTransform' is defined but never used                                 no-unused-vars
  13556:89   warning  'stage' is defined but never used                                          no-unused-vars
  13810:115  warning  'miterLimit' is defined but never used                                     no-unused-vars
  14119:73   warning  'uvtData' is defined but never used                                        no-unused-vars
  14119:82   warning  'culling' is defined but never used                                        no-unused-vars
  14740:80   warning  'useCapture' is defined but never used                                     no-unused-vars
  14740:92   warning  'priority' is defined but never used                                       no-unused-vars
  14740:102  warning  'useWeakReference' is defined but never used                               no-unused-vars
  14782:83   warning  'useCapture' is defined but never used                                     no-unused-vars
  16314:20   warning  Unexpected constant condition                                              no-constant-condition
  16355:20   warning  Unexpected constant condition                                              no-constant-condition
  16396:36   warning  Do not access Object.prototype method 'hasOwnProperty' from target object  no-prototype-builtins
  16471:36   warning  Do not access Object.prototype method 'hasOwnProperty' from target object  no-prototype-builtins
  16511:44   warning  Do not access Object.prototype method 'hasOwnProperty' from target object  no-prototype-builtins
  16546:24   warning  Unexpected constant condition                                              no-constant-condition
  16653:35   warning  Do not access Object.prototype method 'hasOwnProperty' from target object  no-prototype-builtins
  16856:24   warning  Unexpected constant condition                                              no-constant-condition
  16881:33   warning  Do not access Object.prototype method 'hasOwnProperty' from target object  no-prototype-builtins
  17233:41   warning  Empty block statement                                                      no-empty
  17317:53   warning  'beginIndex' is defined but never used                                     no-unused-vars
  17317:65   warning  'textToFind' is defined but never used                                     no-unused-vars
  17317:77   warning  'caseSensitive' is defined but never used                                  no-unused-vars
  17326:56   warning  'beginIndex' is defined but never used                                     no-unused-vars
  17326:68   warning  'endIndex' is defined but never used                                       no-unused-vars
  17334:60   warning  'includeLineEndings' is defined but never used                             no-unused-vars
  17339:52   warning  'beginIndex' is defined but never used                                     no-unused-vars
  17339:64   warning  'endIndex' is defined but never used                                       no-unused-vars
  17339:74   warning  'includeLineEndings' is defined but never used                             no-unused-vars
  17348:59   warning  'beginIndex' is defined but never used                                     no-unused-vars
  17348:71   warning  'endIndex' is defined but never used                                       no-unused-vars
  17358:63   warning  'x' is defined but never used                                              no-unused-vars
  17358:66   warning  'y' is defined but never used                                              no-unused-vars
  17358:69   warning  'maxDistance' is defined but never used                                    no-unused-vars
  17366:59   warning  'hexColor' is defined but never used                                       no-unused-vars
  17376:56   warning  'beginIndex' is defined but never used                                     no-unused-vars
  17376:68   warning  'endIndex' is defined but never used                                       no-unused-vars
  17376:78   warning  'select' is defined but never used                                         no-unused-vars
  17625:31   warning  Do not access Object.prototype method 'hasOwnProperty' from target object  no-prototype-builtins
  17669:39   warning  Do not access Object.prototype method 'hasOwnProperty' from target object  no-prototype-builtins
  17682:36   warning  Do not access Object.prototype method 'hasOwnProperty' from target object  no-prototype-builtins
  17791:36   warning  Do not access Object.prototype method 'hasOwnProperty' from target object  no-prototype-builtins
  17816:90   warning  'mask' is defined but never used                                           no-unused-vars
  18048:73   warning  'bounds' is defined but never used                                         no-unused-vars
  18056:52   warning  'touchPointID' is defined but never used                                   no-unused-vars
  18192:27   warning  Do not access Object.prototype method 'hasOwnProperty' from target object  no-prototype-builtins
  18276:36   warning  Do not access Object.prototype method 'hasOwnProperty' from target object  no-prototype-builtins
  18385:31   warning  Do not access Object.prototype method 'hasOwnProperty' from target object  no-prototype-builtins
  18417:31   warning  Do not access Object.prototype method 'hasOwnProperty' from target object  no-prototype-builtins
  18502:31   warning  Do not access Object.prototype method 'hasOwnProperty' from target object  no-prototype-builtins
  18554:31   warning  Do not access Object.prototype method 'hasOwnProperty' from target object  no-prototype-builtins
  18702:33   warning  Do not access Object.prototype method 'hasOwnProperty' from target object  no-prototype-builtins
  19275:33   warning  Do not access Object.prototype method 'hasOwnProperty' from target object  no-prototype-builtins
  19778:26   warning  Do not access Object.prototype method 'hasOwnProperty' from target object  no-prototype-builtins
  19801:29   warning  Do not access Object.prototype method 'hasOwnProperty' from target object  no-prototype-builtins
  19817:33   warning  Do not access Object.prototype method 'hasOwnProperty' from target object  no-prototype-builtins
  19902:41   warning  Empty block statement                                                      no-empty
  19918:77   warning  'mask' is defined but never used                                           no-unused-vars
  20520:97   warning  '_x' is defined but never used                                             no-unused-vars
  21070:32   warning  Do not access Object.prototype method 'hasOwnProperty' from target object  no-prototype-builtins
  21109:31   warning  Do not access Object.prototype method 'hasOwnProperty' from target object  no-prototype-builtins
  21145:32   warning  Do not access Object.prototype method 'hasOwnProperty' from target object  no-prototype-builtins
  21166:80   warning  'mask' is defined but never used                                           no-unused-vars
  21288:31   warning  Do not access Object.prototype method 'hasOwnProperty' from target object  no-prototype-builtins
  21337:31   warning  Do not access Object.prototype method 'hasOwnProperty' from target object  no-prototype-builtins
  21394:31   warning  Do not access Object.prototype method 'hasOwnProperty' from target object  no-prototype-builtins
  21523:32   warning  Do not access Object.prototype method 'hasOwnProperty' from target object  no-prototype-builtins
  21950:32   warning  Unexpected constant condition                                              no-constant-condition
  21986:20   warning  Unexpected constant condition                                              no-constant-condition
  22120:41   warning  Do not access Object.prototype method 'hasOwnProperty' from target object  no-prototype-builtins
  22144:32   warning  Do not access Object.prototype method 'hasOwnProperty' from target object  no-prototype-builtins
  22280:37   warning  Do not access Object.prototype method 'hasOwnProperty' from target object  no-prototype-builtins
  22352:31   warning  Do not access Object.prototype method 'hasOwnProperty' from target object  no-prototype-builtins
  22416:35   warning  Do not access Object.prototype method 'hasOwnProperty' from target object  no-prototype-builtins
  22559:44   warning  Do not access Object.prototype method 'hasOwnProperty' from target object  no-prototype-builtins
  22712:31   warning  Do not access Object.prototype method 'hasOwnProperty' from target object  no-prototype-builtins
  22750:32   warning  Do not access Object.prototype method 'hasOwnProperty' from target object  no-prototype-builtins
  22777:35   warning  Do not access Object.prototype method 'hasOwnProperty' from target object  no-prototype-builtins
  22805:44   warning  Do not access Object.prototype method 'hasOwnProperty' from target object  no-prototype-builtins
  22825:32   warning  Do not access Object.prototype method 'hasOwnProperty' from target object  no-prototype-builtins
  22888:29   warning  Do not access Object.prototype method 'hasOwnProperty' from target object  no-prototype-builtins
  23060:31   warning  Do not access Object.prototype method 'hasOwnProperty' from target object  no-prototype-builtins
  23443:59   warning  'target' is defined but never used                                         no-unused-vars
  23643:32   warning  Do not access Object.prototype method 'hasOwnProperty' from target object  no-prototype-builtins
  23869:29   warning  Do not access Object.prototype method 'hasOwnProperty' from target object  no-prototype-builtins
  23901:33   warning  Do not access Object.prototype method 'hasOwnProperty' from target object  no-prototype-builtins
  24000:29   warning  Do not access Object.prototype method 'hasOwnProperty' from target object  no-prototype-builtins
  24031:29   warning  Do not access Object.prototype method 'hasOwnProperty' from target object  no-prototype-builtins
  25200:31   warning  Do not access Object.prototype method 'hasOwnProperty' from target object  no-prototype-builtins
  25383:17   warning  'src' is assigned a value but never used                                   no-unused-vars
  27027:29   warning  Do not access Object.prototype method 'hasOwnProperty' from target object  no-prototype-builtins

✖ 253 problems (0 errors, 253 warnings)

